1624975576396	geckodriver	INFO	Listening on 127.0.0.1:51769
1624975579445	mozrunner::runner	INFO	Running command: "E:\\常用软件\\火狐\\Firefox\\firefox.exe" "--marionette" "-foreground" "-no-remote" "-profile" "C:\\Users\\ADMINI~1\\AppData\\Local\\Temp\\rust_mozprofileT65mVK"
1624975580041	Marionette	INFO	Marionette enabled
JavaScript error: resource://gre/modules/XULStore.jsm, line 66: Error: Can't find profile directory.
console.warn: SearchSettings: "get: No settings file exists, new profile?" (new NotFoundError("Could not open the file at C:\\Users\\Administator\\AppData\\Local\\Temp\\rust_mozprofileT65mVK\\search.json.mozlz4", (void 0)))
1624975582170	Marionette	INFO	Listening on port 51778
1624975582690	Marionette	WARN	TLS certificate errors will be ignored for this session
JavaScript error: http://www.zhongshanwarship.org.cn/zhanlaninfo.html?id=45, line 301: TypeError: tips2 is null
1624975585470	Marionette	INFO	Stopped listening on port 51778

###!!! [Child][RunMessage] Error: Channel closing: too late to send/recv, messages will be lost

1624975594744	geckodriver	INFO	Listening on 127.0.0.1:51844
1624975597781	mozrunner::runner	INFO	Running command: "E:\\常用软件\\火狐\\Firefox\\firefox.exe" "--marionette" "-foreground" "-no-remote" "-profile" "C:\\Users\\ADMINI~1\\AppData\\Local\\Temp\\rust_mozprofilefUkqwn"
1624975598209	Marionette	INFO	Marionette enabled
JavaScript error: resource://gre/modules/XULStore.jsm, line 66: Error: Can't find profile directory.
console.warn: SearchSettings: "get: No settings file exists, new profile?" (new NotFoundError("Could not open the file at C:\\Users\\Administator\\AppData\\Local\\Temp\\rust_mozprofilefUkqwn\\search.json.mozlz4", (void 0)))
1624975600273	Marionette	INFO	Listening on port 51855
1624975600440	Marionette	WARN	TLS certificate errors will be ignored for this session
JavaScript warning: https://www.zhipin.com/web/common/security-js/9f9ac539.js, line 1: unreachable code after return statement
JavaScript warning: https://www.zhipin.com/web/common/security-js/9f9ac539.js, line 1: unreachable code after return statement
JavaScript warning: https://www.zhipin.com/web/common/security-js/9f9ac539.js, line 1: unreachable code after return statement
JavaScript warning: https://www.zhipin.com/web/common/security-js/9f9ac539.js, line 1: unreachable code after return statement
JavaScript warning: https://www.zhipin.com/web/common/security-js/9f9ac539.js, line 1: unreachable code after return statement
JavaScript warning: https://www.zhipin.com/web/common/security-js/9f9ac539.js, line 1: unreachable code after return statement
JavaScript warning: https://www.zhipin.com/web/common/security-js/9f9ac539.js, line 1: unreachable code after return statement
JavaScript warning: https://www.zhipin.com/web/common/security-js/9f9ac539.js, line 1: unreachable code after return statement
JavaScript warning: https://www.zhipin.com/web/common/security-js/9f9ac539.js, line 1: unreachable code after return statement
JavaScript warning: https://www.zhipin.com/web/common/security-js/9f9ac539.js, line 1: unreachable code after return statement
JavaScript warning: https://www.zhipin.com/web/common/security-js/9f9ac539.js, line 1: unreachable code after return statement
JavaScript warning: https://www.zhipin.com/web/common/security-js/9f9ac539.js, line 1: unreachable code after return statement
console.error: Region.jsm: "Error fetching region" (new Error("TIMEOUT", "resource://gre/modules/Region.jsm", 772))
console.error: Region.jsm: "Failed to fetch region" (new Error("TIMEOUT", "resource://gre/modules/Region.jsm", 419))
1624975662233	Marionette	INFO	Stopped listening on port 51855

###!!! [Child][RunMessage] Error: Channel closing: too late to send/recv, messages will be lost

--marionette" "-foreground" "-no-remote" "-profile" "C:\\Users\\ADMINI~1\\AppData\\Local\\Temp\\rust_mozprofilekA1uhg"
1624975640968	Marionette	INFO	Marionette enabled
JavaScript error: resource://gre/modules/XULStore.jsm, line 66: Error: Can't find profile directory.
console.warn: SearchSettings: "get: No settings file exists, new profile?" (new NotFoundError("Could not open the file at C:\\Users\\Administator\\AppData\\Local\\Temp\\rust_mozprofilekA1uhg\\search.json.mozlz4", (void 0)))
1624975643142	Marionette	INFO	Listening on port 51979
1624975643175	Marionette	WARN	TLS certificate errors will be ignored for this session
JavaScript warning: https://www.zhipin.com/web/common/security-js/9f9ac539.js, line 1: unreachable code after return statement
JavaScript warning: https://www.zhipin.com/web/common/security-js/9f9ac539.js, line 1: unreachable code after return statement
JavaScript warning: https://www.zhipin.com/web/common/security-js/9f9ac539.js, line 1: unreachable code after return statement
JavaScript warning: https://www.zhipin.com/web/common/security-js/9f9ac539.js, line 1: unreachable code after return statement
JavaScript warning: https://www.zhipin.com/web/common/security-js/9f9ac539.js, line 1: unreachable code after return statement
JavaScript warning: https://www.zhipin.com/web/common/security-js/9f9ac539.js, line 1: unreachable code after return statement
JavaScript warning: https://www.zhipin.com/web/common/security-js/9f9ac539.js, line 1: unreachable code after return statement
JavaScript warning: https://www.zhipin.com/web/common/security-js/9f9ac539.js, line 1: unreachable code after return statement
JavaScript warning: https://www.zhipin.com/web/common/security-js/9f9ac539.js, line 1: unreachable code after return statement
JavaScript warning: https://www.zhipin.com/web/common/security-js/9f9ac539.js, line 1: unreachable code after return statement
JavaScript warning: https://www.zhipin.com/web/common/security-js/9f9ac539.js, line 1: unreachable code after return statement
JavaScript warning: https://www.zhipin.com/web/common/security-js/9f9ac539.js, line 1: unreachable code after return statement
JavaScript warning: https://www.zhipin.com/web/common/security-js/9f9ac539.js, line 1: unreachable code after return statement
JavaScript warning: https://www.zhipin.com/web/common/security-js/9f9ac539.js, line 1: unreachable code after return statement
JavaScript warning: https://www.zhipin.com/web/common/security-js/9f9ac539.js, line 1: unreachable code after return statement
JavaScript warning: https://www.zhipin.com/web/common/security-js/9f9ac539.js, line 1: unreachable code after return statement
JavaScript warning: https://www.zhipin.com/web/common/security-js/9f9ac539.js, line 1: unreachable code after return statement
JavaScript warning: https://www.zhipin.com/web/common/security-js/9f9ac539.js, line 1: unreachable code after return statement
JavaScript warning: https://www.zhipin.com/web/common/security-js/9f9ac539.js, line 1: unreachable code after return statement
JavaScript warning: https://www.zhipin.com/web/common/security-js/9f9ac539.js, line 1: unreachable code after return statement
JavaScript warning: https://www.zhipin.com/web/common/security-js/9f9ac539.js, line 1: unreachable code after return statement
JavaScript warning: https://www.zhipin.com/web/common/security-js/9f9ac539.js, line 1: unreachable code after return statement
JavaScript warning: https://www.zhipin.com/web/common/security-js/9f9ac539.js, line 1: unreachable code after return statement
JavaScript warning: https://www.zhipin.com/web/common/security-js/9f9ac539.js, line 1: unreachable code after return statement
1624975662941	Marionette	INFO	Stopped listening on port 51979

###!!! [Child][RunMessage] Error: Channel closing: too late to send/recv, messages will be lost

1624975750233	geckodriver	INFO	Listening on 127.0.0.1:52493
1624975753297	mozrunner::runner	INFO	Running command: "E:\\常用软件\\火狐\\Firefox\\firefox.exe" "--marionette" "-foreground" "-no-remote" "-profile" "C:\\Users\\ADMINI~1\\AppData\\Local\\Temp\\rust_mozprofilewA9AyQ"
1624975753734	Marionette	INFO	Marionette enabled
JavaScript error: resource://gre/modules/XULStore.jsm, line 66: Error: Can't find profile directory.
console.warn: SearchSettings: "get: No settings file exists, new profile?" (new NotFoundError("Could not open the file at C:\\Users\\Administator\\AppData\\Local\\Temp\\rust_mozprofilewA9AyQ\\search.json.mozlz4", (void 0)))
1624975755753	Marionette	INFO	Listening on port 52503
1624975755987	Marionette	WARN	TLS certificate errors will be ignored for this session
JavaScript warning: https://www.zhipin.com/web/common/security-js/9f9ac539.js, line 1: unreachable code after return statement
JavaScript warning: https://www.zhipin.com/web/common/security-js/9f9ac539.js, line 1: unreachable code after return statement
JavaScript warning: https://www.zhipin.com/web/common/security-js/9f9ac539.js, line 1: unreachable code after return statement
JavaScript warning: https://www.zhipin.com/web/common/security-js/9f9ac539.js, line 1: unreachable code after return statement
JavaScript warning: https://www.zhipin.com/web/common/security-js/9f9ac539.js, line 1: unreachable code after return statement
JavaScript warning: https://www.zhipin.com/web/common/security-js/9f9ac539.js, line 1: unreachable code after return statement
JavaScript warning: https://www.zhipin.com/web/common/security-js/9f9ac539.js, line 1: unreachable code after return statement
JavaScript warning: https://www.zhipin.com/web/common/security-js/9f9ac539.js, line 1: unreachable code after return statement
JavaScript warning: https://www.zhipin.com/web/common/security-js/9f9ac539.js, line 1: unreachable code after return statement
JavaScript warning: https://www.zhipin.com/web/common/security-js/9f9ac539.js, line 1: unreachable code after return statement
JavaScript warning: https://www.zhipin.com/web/common/security-js/9f9ac539.js, line 1: unreachable code after return statement
JavaScript warning: https://www.zhipin.com/web/common/security-js/9f9ac539.js, line 1: unreachable code after return statement
JavaScript warning: https://www.zhipin.com/web/common/security-js/9f9ac539.js, line 1: unreachable code after return statement
JavaScript warning: https://www.zhipin.com/web/common/security-js/9f9ac539.js, line 1: unreachable code after return statement
JavaScript warning: https://www.zhipin.com/web/common/security-js/9f9ac539.js, line 1: unreachable code after return statement
JavaScript warning: https://www.zhipin.com/web/common/security-js/9f9ac539.js, line 1: unreachable code after return statement
JavaScript warning: https://www.zhipin.com/web/common/security-js/9f9ac539.js, line 1: unreachable code after return statement
JavaScript warning: https://www.zhipin.com/web/common/security-js/9f9ac539.js, line 1: unreachable code after return statement
1624975782238	Marionette	INFO	Stopped listening on port 52503

###!!! [Child][RunMessage] Error: Channel closing: too late to send/recv, messages will be lost

1624976163976	geckodriver	INFO	Listening on 127.0.0.1:52960
1624976167041	mozrunner::runner	INFO	Running command: "E:\\常用软件\\火狐\\Firefox\\firefox.exe" "--marionette" "-foreground" "-no-remote" "-profile" "C:\\Users\\ADMINI~1\\AppData\\Local\\Temp\\rust_mozprofile7Or6U7"
1624976167483	Marionette	INFO	Marionette enabled
JavaScript error: resource://gre/modules/XULStore.jsm, line 66: Error: Can't find profile directory.
console.warn: SearchSettings: "get: No settings file exists, new profile?" (new NotFoundError("Could not open the file at C:\\Users\\Administator\\AppData\\Local\\Temp\\rust_mozprofile7Or6U7\\search.json.mozlz4", (void 0)))
1624976169640	Marionette	INFO	Listening on port 52969
1624976169720	Marionette	WARN	TLS certificate errors will be ignored for this session
JavaScript warning: https://www.zhipin.com/web/common/security-js/9f9ac539.js, line 1: unreachable code after return statement
JavaScript warning: https://www.zhipin.com/web/common/security-js/9f9ac539.js, line 1: unreachable code after return statement
JavaScript warning: https://www.zhipin.com/web/common/security-js/9f9ac539.js, line 1: unreachable code after return statement
JavaScript warning: https://www.zhipin.com/web/common/security-js/9f9ac539.js, line 1: unreachable code after return statement
JavaScript warning: https://www.zhipin.com/web/common/security-js/9f9ac539.js, line 1: unreachable code after return statement
JavaScript warning: https://www.zhipin.com/web/common/security-js/9f9ac539.js, line 1: unreachable code after return statement
JavaScript warning: https://www.zhipin.com/web/common/security-js/9f9ac539.js, line 1: unreachable code after return statement
JavaScript warning: https://www.zhipin.com/web/common/security-js/9f9ac539.js, line 1: unreachable code after return statement
JavaScript warning: https://www.zhipin.com/web/common/security-js/9f9ac539.js, line 1: unreachable code after return statement
JavaScript warning: https://www.zhipin.com/web/common/security-js/9f9ac539.js, line 1: unreachable code after return statement
JavaScript warning: https://www.zhipin.com/web/common/security-js/9f9ac539.js, line 1: unreachable code after return statement
JavaScript warning: https://www.zhipin.com/web/common/security-js/9f9ac539.js, line 1: unreachable code after return statement
console.log: WebExtensions: reset-default-search: starting.
console.log: WebExtensions: reset-default-search: No addons in our list are installed.
1624976770339	Marionette	INFO	Stopped listening on port 52969

###!!! [Child][RunMessage] Error: Channel closing: too late to send/recv, messages will be lost

1624978208904	geckodriver	INFO	Listening on 127.0.0.1:64158
1624978461972	geckodriver	INFO	Listening on 127.0.0.1:64614
1624978465020	mozrunner::runner	INFO	Running command: "E:\\常用软件\\火狐\\Firefox\\firefox.exe" "--marionette" "-foreground" "-no-remote" "-profile" "C:\\Users\\ADMINI~1\\AppData\\Local\\Temp\\rust_mozprofiletRI0Ep"
1624978465471	Marionette	INFO	Marionette enabled
1624979003174	geckodriver	INFO	Listening on 127.0.0.1:49297
1624979006224	mozrunner::runner	INFO	Running command: "E:\\常用软件\\火狐\\Firefox\\firefox.exe" "--marionette" "-foreground" "-no-remote" "-profile" "C:\\Users\\ADMINI~1\\AppData\\Local\\Temp\\rust_mozprofilencr0Tz"
1624979006665	Marionette	INFO	Marionette enabled
JavaScript error: resource://gre/modules/XULStore.jsm, line 66: Error: Can't find profile directory.
console.warn: SearchSettings: "get: No settings file exists, new profile?" (new NotFoundError("Could not open the file at C:\\Users\\Administator\\AppData\\Local\\Temp\\rust_mozprofilencr0Tz\\search.json.mozlz4", (void 0)))
1624979008556	Marionette	INFO	Listening on port 49307
1624979008889	Marionette	WARN	TLS certificate errors will be ignored for this session
JavaScript warning: https://www.zhipin.com/web/common/security-js/9f9ac539.js, line 1: unreachable code after return statement
JavaScript warning: https://www.zhipin.com/web/common/security-js/9f9ac539.js, line 1: unreachable code after return statement
JavaScript warning: https://www.zhipin.com/web/common/security-js/9f9ac539.js, line 1: unreachable code after return statement
JavaScript warning: https://www.zhipin.com/web/common/security-js/9f9ac539.js, line 1: unreachable code after return statement
JavaScript warning: https://www.zhipin.com/web/common/security-js/9f9ac539.js, line 1: unreachable code after return statement
JavaScript warning: https://www.zhipin.com/web/common/security-js/9f9ac539.js, line 1: unreachable code after return statement
JavaScript warning: https://www.zhipin.com/web/common/security-js/9f9ac539.js, line 1: unreachable code after return statement
JavaScript warning: https://www.zhipin.com/web/common/security-js/9f9ac539.js, line 1: unreachable code after return statement
JavaScript warning: https://www.zhipin.com/web/common/security-js/9f9ac539.js, line 1: unreachable code after return statement
JavaScript warning: https://www.zhipin.com/web/common/security-js/9f9ac539.js, line 1: unreachable code after return statement
JavaScript warning: https://www.zhipin.com/web/common/security-js/9f9ac539.js, line 1: unreachable code after return statement
JavaScript warning: https://www.zhipin.com/web/common/security-js/9f9ac539.js, line 1: unreachable code after return statement
JavaScript warning: https://www.zhipin.com/web/common/security-js/9f9ac539.js, line 1: unreachable code after return statement
JavaScript warning: https://www.zhipin.com/web/common/security-js/9f9ac539.js, line 1: unreachable code after return statement
JavaScript warning: https://www.zhipin.com/web/common/security-js/9f9ac539.js, line 1: unreachable code after return statement
JavaScript warning: https://www.zhipin.com/web/common/security-js/9f9ac539.js, line 1: unreachable code after return statement
JavaScript warning: https://www.zhipin.com/web/common/security-js/9f9ac539.js, line 1: unreachable code after return statement
JavaScript warning: https://www.zhipin.com/web/common/security-js/9f9ac539.js, line 1: unreachable code after return statement
JavaScript warning: https://www.zhipin.com/web/common/security-js/9f9ac539.js, line 1: unreachable code after return statement
JavaScript warning: https://www.zhipin.com/web/common/security-js/9f9ac539.js, line 1: unreachable code after return statement
JavaScript warning: https://www.zhipin.com/web/common/security-js/9f9ac539.js, line 1: unreachable code after return statement
JavaScript warning: https://www.zhipin.com/web/common/security-js/9f9ac539.js, line 1: unreachable code after return statement
JavaScript warning: https://www.zhipin.com/web/common/security-js/9f9ac539.js, line 1: unreachable code after return statement
JavaScript warning: https://www.zhipin.com/web/common/security-js/9f9ac539.js, line 1: unreachable code after return statement
1624979056160	Marionette	INFO	Stopped listening on port 49307

###!!! [Child][RunMessage] Error: Channel closing: too late to send/recv, messages will be lost

1625014253046	geckodriver	INFO	Listening on 127.0.0.1:49599
1625014256067	mozrunner::runner	INFO	Running command: "E:\\常用软件\\火狐\\Firefox\\firefox.exe" "--marionette" "-foreground" "-no-remote" "-profile" "C:\\Users\\ADMINI~1\\AppData\\Local\\Temp\\rust_mozprofileBVEtjr"
1625014256647	Marionette	INFO	Marionette enabled
1625014257143	geckodriver	INFO	Listening on 127.0.0.1:49616
1625746015261	geckodriver	INFO	Listening on 127.0.0.1:50805
1625746018373	mozrunner::runner	INFO	Running command: "E:\\常用软件\\火狐\\Firefox\\firefox.exe" "--marionette" "-foreground" "-no-remote" "-profile" "C:\\Users\\ADMINI~1\\AppData\\Local\\Temp\\rust_mozprofilemCgY1B"
1625746018825	Marionette	INFO	Marionette enabled
JavaScript error: resource://gre/modules/XULStore.jsm, line 66: Error: Can't find profile directory.
console.warn: SearchSettings: "get: No settings file exists, new profile?" (new NotFoundError("Could not open the file at C:\\Users\\Administator\\AppData\\Local\\Temp\\rust_mozprofilemCgY1B\\search.json.mozlz4", (void 0)))
1625746020997	Marionette	INFO	Listening on port 50814
1625746021094	Marionette	WARN	TLS certificate errors will be ignored for this session
JavaScript warning: https://www.zhipin.com/web/common/security-js/9af814a6.js, line 1: unreachable code after return statement
JavaScript warning: https://www.zhipin.com/web/common/security-js/9af814a6.js, line 1: unreachable code after return statement
JavaScript warning: https://www.zhipin.com/web/common/security-js/9af814a6.js, line 1: unreachable code after return statement
JavaScript warning: https://www.zhipin.com/web/common/security-js/9af814a6.js, line 1: unreachable code after return statement
JavaScript warning: https://www.zhipin.com/web/common/security-js/9af814a6.js, line 1: unreachable code after return statement
JavaScript warning: https://www.zhipin.com/web/common/security-js/9af814a6.js, line 1: unreachable code after return statement
JavaScript warning: https://www.zhipin.com/web/common/security-js/9af814a6.js, line 1: unreachable code after return statement
JavaScript warning: https://www.zhipin.com/web/common/security-js/9af814a6.js, line 1: unreachable code after return statement
JavaScript warning: https://www.zhipin.com/web/common/security-js/9af814a6.js, line 1: unreachable code after return statement
JavaScript warning: https://www.zhipin.com/web/common/security-js/9af814a6.js, line 1: unreachable code after return statement
JavaScript warning: https://www.zhipin.com/web/common/security-js/9af814a6.js, line 1: unreachable code after return statement
JavaScript warning: https://www.zhipin.com/web/common/security-js/9af814a6.js, line 1: unreachable code after return statement
JavaScript warning: https://www.zhipin.com/web/common/security-js/9af814a6.js, line 1: unreachable code after return statement
JavaScript warning: https://www.zhipin.com/web/common/security-js/9af814a6.js, line 1: unreachable code after return statement
JavaScript warning: https://www.zhipin.com/web/common/security-js/9af814a6.js, line 1: unreachable code after return statement
1625746025957	Marionette	INFO	Stopped listening on port 50814

###!!! [Child][RunMessage] Error: Channel closing: too late to send/recv, messages will be lost

1625750452477	geckodriver	INFO	Listening on 127.0.0.1:58333
